1715580889826:hello
1715580892256:help
1715580894704:start
1715580939481:ok
1715591714562:start
1715597735079:test
1715597737570:Yes
1715598293868:start
1715598344137:Y
1715599260351:start
1715599290302:Y
1715599313439:start
1715599316820:Y
1715599321358:start
1715599347527:Y
1715599448426:start
1715599464277:Y
1715599602269:start
1715601375499:N
1715601378232:start
1715601380048:Y
1715601432880:star
1715601434454:start
1715601438061:Y
1715606043273:help
1715606049215:create-pullrequest
1715606064380:Test-Repository
1715606068522:Karthick81292
1715606079746:Amazing new feature
1715606088078:develop
1715606099680:main
1715606107835:These are new changes
1715606534583:create-pullrequest
1715606554207:Test-Repository
1715606561518:Karthick81292
1715606567926:hfj
1715606572351:develop
1715606575814:main
1715606578791:jhjkjjkhjkhjkh
1715606719921:create-pullrequest
1715606730608:Test-Repository
1715606736832:Karthick81292
1715606738902:asdd
1715606742255:main
1715606747055:develop
1715606748513:adsasd
1715607031733:create-pullrequest
1715607603783:Test-Repository
1715607607413:Karthick81292
1715607617080:New PR created through API
1715607642424:develop
1715607648655:main
1715607655080:ITs a new PR
1715607728079:TestRee
1715607731929:Karthick81292
1715607738128:New
1715607739880:asdasd
1715607747184:asdad
1715607749001:asdasd
1715608184392:create-pr
1715608188078:asda
1715608190935:adsasd
1715608192815:asda
1715608193740:asd
1715608215926:create-pr
1715608232584:Test-Repository
1715608234299:Karthick81292
1715608238016:New PR
1715608240399:develop
1715608242960:main
1715608246896:New PR
1715608416019:create-pr
1715608436004:Test-Repository
1715608443524:Karthick81292
1715608445643:New
1715608448475:develop
1715608449716:master
1715608491837:create-pr
1715608510343:Test-Repository/
1715608553147:create-pr
1715608567170:Test-Repository
1715608572978:Karthick81292
1715608576457:New PR
1715608580067:develop
1715608582329:main
1715608629688:create-pr
1715608648582:Test-Repository
1715608654028:Karthick81292
1715608658833:New PR 2
1715608661595:develop
1715608662821:master
1715608665605:asdsad
1715608675499:create-pr
1715608681683:Test-Repository
1715608685272:Karthick81292
1715608689293:New PR 2
1715608701063:develop
1715608705498:main
1715610129271:merge-pr
1715610132078:adsa
1715610133143:asdad
1715610135732:22
1715610137126:asdad
1715610138262:asdasd
1715610166990:create-pr
1715610173672:Test-Repository
1715610179848:Karthick81292
1715610196760:New PR created
1715610200880:develop
1715610203504:branch
1715610241697:create-pr
1715610246881:Test-Repository
1715610253751:Karthick81292
1715610262391:New PR
1715610264769:develop
1715610265905:main
1715610320283:merge-pr
1715610332271:Test-Repository
1715610337242:Karthick81292
1715610340824:8
1715610346383:New message
1715610348762:adsasd
1715611271993:create-pr
1715611279153:Test-Repository
1715611286017:Karthick81292
1715611296123:New PR
1715611298625:develop
1715611301569:main
1715611305550:New commits
1715611413725:create-pr
1715611422828:Test-Repository
1715611427516:Karthick81292
1715611433076:New PR created
1715611435925:develop
1715611437484:main
1715611464757:merge-pr
1715611471061:Test-Repository
1715611476286:Karthick81202
1715611479821:23
1715611481573:asd
1715611482245:as
1715611487597:merge-pr
1715611498928:Test-Repository
1715611504478:Karthick81292
1715611518528:11
1715611524437:New merge
1715611529718:Merging latest commit
1715611536543:pooras
1715611552400:Test-Repository
1715611558360:Karthick81292
1715611564208:11
1715611567160:New merge
1715611600194:Merging commit
1715611777400:merge-pr
1715611782511:Test-Repository
1715611788245:Karthick81292
1715611790980:11
1715611794982:New commit
1715611797986:New commits
1715615910644:create-pr
1715615932854:Y
1715615951441:Test-Repository
1715615955265:Karthick81292
1715615965863:New title
1715615970149:develop
1715615971962:main
1715616221135:create-pr
1715616241795:Y
1715616253341:asdas
1715616254238:asd
1715616254635:ads
1715616255202:as
1715616256285:asd
1715616258129:a
1715616265769:create-pr
1715616269926:asdasd
1715616270668:asd
1715616274046:as
1715616275078:asd
1715616280934:merge-pr
1715616284829:asdas
1715616285985:asd
1715616303238:merge-pr
1715616331458:Y
1715616334490:asd
1715616337291:2
1715616338733:asd
1715616344318:create-pr
1715619963571:dsf
1715619969216:create-pr
1715620053378:Y
1715621655037:create-pr
1715621675785:Y
1715621685337:Test-Repository
1715621691411:Karthick81292
1715621700991:New PR
1715621704168:develop
1715621705214:main
1715621745309:merge-pr
1715621751121:Test-Repository
1715621755509:Karthick81292
1715621758562:12
1715621763345:PR merged
1715621765991:new commit
